<?xml version="1.0" encoding="UTF-8"?>
<!-- Generated by org.testng.reporters.JUnitXMLReporter -->
<testsuite hostname="DESKTOP-HT38EU9" name="Default test" tests="13" failures="0" timestamp="1 Jun 2020 16:38:26 GMT" time="325.326" errors="0">
  <testcase name="verify_CustomerCare_Link_is_visible" time="0.084" classname="com.ajio.PageTests.HomepagePageTests"/>
  <testcase name="verify_Customercare_Link_is_Redirecting_to_customerCarePage" time="2.996" classname="com.ajio.PageTests.HomepagePageTests"/>
  <testcase name="verify_Homepage_Title" time="0.013" classname="com.ajio.PageTests.HomepagePageTests"/>
  <testcase name="verify_ShopKids_Link_is_Redirecting_to_KidsPage" time="4.02" classname="com.ajio.PageTests.HomepagePageTests"/>
  <testcase name="verify_ShopKids_Link_is_visible" time="0.055" classname="com.ajio.PageTests.HomepagePageTests"/>
  <testcase name="verify_ShopMen_Link_is_Redirecting_to_MenPage" time="5.026" classname="com.ajio.PageTests.HomepagePageTests"/>
  <testcase name="verify_ShopMen_Link_is_visible" time="0.068" classname="com.ajio.PageTests.HomepagePageTests"/>
  <testcase name="verify_ShopSale_Link_is_Redirecting_to_SalePage" time="7.13" classname="com.ajio.PageTests.HomepagePageTests"/>
  <testcase name="verify_ShopSale_Link_is_visible" time="0.143" classname="com.ajio.PageTests.HomepagePageTests"/>
  <testcase name="verify_ShopWomen_Link_is_Redirecting_to_WomenPage" time="5.79" classname="com.ajio.PageTests.HomepagePageTests"/>
  <testcase name="verify_ShopWomen_Link_is_visible" time="0.045" classname="com.ajio.PageTests.HomepagePageTests"/>
  <testcase name="verify_signIn_JoinAjio_Link_is_Redirecting_to_signUpModalPopUp" time="0.237" classname="com.ajio.PageTests.HomepagePageTests"/>
  <testcase name="verify_signIn_JoinAjio_Link_is_visible" time="0.149" classname="com.ajio.PageTests.HomepagePageTests"/>
</testsuite> <!-- Default test -->
